[0m[[0mdebug[0m] [0mRunning TaskDef(change.CountChangeSpec, org.scalatest.tools.Framework$$anon$1@7b74d412, false, [SuiteSelector])[0m
[0m[[0minfo[0m] [0m[36mRun completed in 167 milliseconds.[0m[0m
[0m[[0minfo[0m] [0m[36mTotal number of tests run: 3[0m[0m
[0m[[0minfo[0m] [0m[36mSuites: completed 1, aborted 0[0m[0m
[0m[[0minfo[0m] [0m[36mTests: succeeded 2, failed 1, canceled 0, ignored 0, pending 0[0m[0m
[0m[[0minfo[0m] [0m[31m*** 1 TEST FAILED ***[0m[0m
[0m[[31merror[0m] [0mFailed tests:[0m
[0m[[31merror[0m] [0m	change.CountChangeSpec[0m
[0m[[31merror[0m] [0m(test:[31mtestQuick[0m) sbt.TestsFailedException: Tests unsuccessful[0m
